<?xml version="1.0" encoding="UTF-8"?>
<testng-results ignored="0" total="10" passed="9" failed="1" skipped="0">
  <reporter-output>
  </reporter-output>
  <suite started-at="2023-10-10T19:13:31 IST" name="Suite" finished-at="2023-10-10T19:16:29 IST" duration-ms="177906">
    <groups>
    </groups>
    <test started-at="2023-10-10T19:13:31 IST" name="Test" finished-at="2023-10-10T19:16:29 IST" duration-ms="177906">
      <class name="testCases.TC_002_EnterData_MissingData">
        <test-method is-config="true" signature="BeforeClass()[pri:0, instance:testCases.TC_002_EnterData_MissingData@43df23d3]" started-at="2023-10-10T19:13:57 IST" name="BeforeClass" finished-at="2023-10-10T19:13:57 IST" duration-ms="0" status="PASS">
          <reporter-output>
          </reporter-output>
        </test-method> <!-- BeforeClass -->
        <test-method is-config="true" signature="BeforeMethod()[pri:0, instance:testCases.TC_002_EnterData_MissingData@43df23d3]" started-at="2023-10-10T19:13:57 IST" name="BeforeMethod" finished-at="2023-10-10T19:13:57 IST" duration-ms="4" status="PASS">
          <reporter-output>
          </reporter-output>
        </test-method> <!-- BeforeMethod -->
        <test-method signature="testLogin()[pri:1, instance:testCases.TC_002_EnterData_MissingData@43df23d3]" started-at="2023-10-10T19:13:57 IST" name="testLogin" finished-at="2023-10-10T19:13:57 IST" duration-ms="337" status="PASS">
          <reporter-output>
          </reporter-output>
        </test-method> <!-- testLogin -->
        <test-method is-config="true" signature="BeforeMethod()[pri:0, instance:testCases.TC_002_EnterData_MissingData@43df23d3]" started-at="2023-10-10T19:13:57 IST" name="BeforeMethod" finished-at="2023-10-10T19:13:57 IST" duration-ms="1" status="PASS">
          <reporter-output>
          </reporter-output>
        </test-method> <!-- BeforeMethod -->
        <test-method signature="ClickToEnterData()[pri:2, instance:testCases.TC_002_EnterData_MissingData@43df23d3]" started-at="2023-10-10T19:13:57 IST" name="ClickToEnterData" finished-at="2023-10-10T19:14:00 IST" duration-ms="2820" status="PASS">
          <reporter-output>
          </reporter-output>
        </test-method> <!-- ClickToEnterData -->
        <test-method is-config="true" signature="BeforeMethod()[pri:0, instance:testCases.TC_002_EnterData_MissingData@43df23d3]" started-at="2023-10-10T19:14:00 IST" name="BeforeMethod" finished-at="2023-10-10T19:14:00 IST" duration-ms="2" status="PASS">
          <reporter-output>
          </reporter-output>
        </test-method> <!-- BeforeMethod -->
        <test-method signature="General_Biomed()[pri:3, instance:testCases.TC_002_EnterData_MissingData@43df23d3]" started-at="2023-10-10T19:14:00 IST" name="General_Biomed" finished-at="2023-10-10T19:14:24 IST" duration-ms="24347" status="PASS">
          <reporter-output>
          </reporter-output>
        </test-method> <!-- General_Biomed -->
        <test-method is-config="true" signature="BeforeMethod()[pri:0, instance:testCases.TC_002_EnterData_MissingData@43df23d3]" started-at="2023-10-10T19:14:24 IST" name="BeforeMethod" finished-at="2023-10-10T19:14:24 IST" duration-ms="1" status="PASS">
          <reporter-output>
          </reporter-output>
        </test-method> <!-- BeforeMethod -->
        <test-method signature="FacilityOperations_Safety()[pri:4, instance:testCases.TC_002_EnterData_MissingData@43df23d3]" started-at="2023-10-10T19:14:24 IST" name="FacilityOperations_Safety" finished-at="2023-10-10T19:14:55 IST" duration-ms="30459" status="PASS">
          <reporter-output>
          </reporter-output>
        </test-method> <!-- FacilityOperations_Safety -->
        <test-method is-config="true" signature="BeforeMethod()[pri:0, instance:testCases.TC_002_EnterData_MissingData@43df23d3]" started-at="2023-10-10T19:14:55 IST" name="BeforeMethod" finished-at="2023-10-10T19:14:55 IST" duration-ms="2" status="PASS">
          <reporter-output>
          </reporter-output>
        </test-method> <!-- BeforeMethod -->
        <test-method signature="PatientExperience()[pri:5, instance:testCases.TC_002_EnterData_MissingData@43df23d3]" started-at="2023-10-10T19:14:55 IST" name="PatientExperience" finished-at="2023-10-10T19:15:18 IST" duration-ms="23914" status="PASS">
          <reporter-output>
          </reporter-output>
        </test-method> <!-- PatientExperience -->
        <test-method is-config="true" signature="BeforeMethod()[pri:0, instance:testCases.TC_002_EnterData_MissingData@43df23d3]" started-at="2023-10-10T19:15:19 IST" name="BeforeMethod" finished-at="2023-10-10T19:15:19 IST" duration-ms="1" status="PASS">
          <reporter-output>
          </reporter-output>
        </test-method> <!-- BeforeMethod -->
        <test-method signature="RegulatoryAndAudit()[pri:6, instance:testCases.TC_002_EnterData_MissingData@43df23d3]" started-at="2023-10-10T19:15:19 IST" name="RegulatoryAndAudit" finished-at="2023-10-10T19:15:29 IST" duration-ms="10380" status="PASS">
          <reporter-output>
          </reporter-output>
        </test-method> <!-- RegulatoryAndAudit -->
        <test-method is-config="true" signature="BeforeMethod()[pri:0, instance:testCases.TC_002_EnterData_MissingData@43df23d3]" started-at="2023-10-10T19:15:29 IST" name="BeforeMethod" finished-at="2023-10-10T19:15:29 IST" duration-ms="1" status="PASS">
          <reporter-output>
          </reporter-output>
        </test-method> <!-- BeforeMethod -->
        <test-method signature="AccessManagement()[pri:7, instance:testCases.TC_002_EnterData_MissingData@43df23d3]" started-at="2023-10-10T19:15:29 IST" name="AccessManagement" finished-at="2023-10-10T19:15:32 IST" duration-ms="2677" status="PASS">
          <reporter-output>
          </reporter-output>
        </test-method> <!-- AccessManagement -->
        <test-method is-config="true" signature="BeforeMethod()[pri:0, instance:testCases.TC_002_EnterData_MissingData@43df23d3]" started-at="2023-10-10T19:15:32 IST" name="BeforeMethod" finished-at="2023-10-10T19:15:32 IST" duration-ms="1" status="PASS">
          <reporter-output>
          </reporter-output>
        </test-method> <!-- BeforeMethod -->
        <test-method signature="InfectionPreventionManagement()[pri:8, instance:testCases.TC_002_EnterData_MissingData@43df23d3]" started-at="2023-10-10T19:15:32 IST" name="InfectionPreventionManagement" finished-at="2023-10-10T19:16:24 IST" duration-ms="52351" status="FAIL">
          <exception class="org.openqa.selenium.TimeoutException">
            <message>
              <![CDATA[Expected condition failed: waiting for visibility of Proxy element for: DefaultElementLocator 'By.xpath:  //span[normalize-space()='Save']' (tried for 20 second(s) with 500 milliseconds interval)]]>
            </message>
            <full-stacktrace>
              <![CDATA[org.openqa.selenium.TimeoutException: Expected condition failed: waiting for visibility of Proxy element for: DefaultElementLocator 'By.xpath:  //span[normalize-space()='Save']' (tried for 20 second(s) with 500 milliseconds interval)
at org.openqa.selenium.support.ui.WebDriverWait.timeoutException(WebDriverWait.java:84)
at org.openqa.selenium.support.ui.FluentWait.until(FluentWait.java:230)
at testBase.BaseClass.waitForVisibility(BaseClass.java:57)
at testBase.BaseClass.click(BaseClass.java:61)
at pageObjects.EnterData_MissingDataPage.ClickOnFinalSave(EnterData_MissingDataPage.java:167)
at testCases.TC_002_EnterData_MissingData.InfectionPreventionManagement(TC_002_EnterData_MissingData.java:146)
at java.base/jdk.internal.reflect.NativeMethodAccessorImpl.invoke0(Native Method)
at java.base/jdk.internal.reflect.NativeMethodAccessorImpl.invoke(NativeMethodAccessorImpl.java:77)
at java.base/jdk.internal.reflect.DelegatingMethodAccessorImpl.invoke(DelegatingMethodAccessorImpl.java:43)
at java.base/java.lang.reflect.Method.invoke(Method.java:568)
at org.testng.internal.invokers.MethodInvocationHelper.invokeMethod(MethodInvocationHelper.java:139)
at org.testng.internal.invokers.TestInvoker.invokeMethod(TestInvoker.java:664)
at org.testng.internal.invokers.TestInvoker.invokeTestMethod(TestInvoker.java:227)
at org.testng.internal.invokers.MethodRunner.runInSequence(MethodRunner.java:50)
at org.testng.internal.invokers.TestInvoker$MethodInvocationAgent.invoke(TestInvoker.java:957)
at org.testng.internal.invokers.TestInvoker.invokeTestMethods(TestInvoker.java:200)
at org.testng.internal.invokers.TestMethodWorker.invokeTestMethods(TestMethodWorker.java:148)
at org.testng.internal.invokers.TestMethodWorker.run(TestMethodWorker.java:128)
at java.base/java.util.ArrayList.forEach(ArrayList.java:1511)
at org.testng.TestRunner.privateRun(TestRunner.java:848)
at org.testng.TestRunner.run(TestRunner.java:621)
at org.testng.SuiteRunner.runTest(SuiteRunner.java:443)
at org.testng.SuiteRunner.runSequentially(SuiteRunner.java:437)
at org.testng.SuiteRunner.privateRun(SuiteRunner.java:397)
at org.testng.SuiteRunner.run(SuiteRunner.java:336)
at org.testng.SuiteRunnerWorker.runSuite(SuiteRunnerWorker.java:52)
at org.testng.SuiteRunnerWorker.run(SuiteRunnerWorker.java:95)
at org.testng.TestNG.runSuitesSequentially(TestNG.java:1280)
at org.testng.TestNG.runSuitesLocally(TestNG.java:1200)
at org.testng.TestNG.runSuites(TestNG.java:1114)
at org.testng.TestNG.run(TestNG.java:1082)
at org.testng.remote.AbstractRemoteTestNG.run(AbstractRemoteTestNG.java:115)
at org.testng.remote.RemoteTestNG.initAndRun(RemoteTestNG.java:251)
at org.testng.remote.RemoteTestNG.main(RemoteTestNG.java:77)
Caused by: org.openqa.selenium.NoSuchElementException: no such element: Unable to locate element: {"method":"xpath","selector":" //span[normalize-space()='Save']"}
  (Session info: chrome=117.0.5938.150)
For documentation on this error, please visit: https://www.selenium.dev/documentation/webdriver/troubleshooting/errors#no-such-element-exception
Build info: version: '4.10.0', revision: 'c14d967899'
System info: os.name: 'Windows 11', os.arch: 'amd64', os.version: '10.0', java.version: '17.0.8'
Driver info: org.openqa.selenium.chrome.ChromeDriver
Command: [c8b7be5136e4e8a7f03581511cdb48c4, findElement {using=xpath, value= //span[normalize-space()='Save']}]
Capabilities {acceptInsecureCerts: false, browserName: chrome, browserVersion: 117.0.5938.150, chrome: {chromedriverVersion: 117.0.5938.149 (e3344ddefa1..., userDataDir: C:\Users\PRASHA~1.KAT\AppDa...}, fedcm:accounts: true, goog:chromeOptions: {debuggerAddress: localhost:55809}, networkConnectionEnabled: false, pageLoadStrategy: normal, platformName: windows, proxy: Proxy(), se:cdp: ws://localhost:55809/devtoo..., se:cdpVersion: 117.0.5938.150, setWindowRect: true, strictFileInteractability: false, timeouts: {implicit: 0, pageLoad: 300000, script: 30000}, unhandledPromptBehavior: dismiss and notify, webauthn:extension:credBlob: true, webauthn:extension:largeBlob: true, webauthn:extension:minPinLength: true, webauthn:extension:prf: true, webauthn:virtualAuthenticators: true}
Session ID: c8b7be5136e4e8a7f03581511cdb48c4
at java.base/jdk.internal.reflect.NativeConstructorAccessorImpl.newInstance0(Native Method)
at java.base/jdk.internal.reflect.NativeConstructorAccessorImpl.newInstance(NativeConstructorAccessorImpl.java:77)
at java.base/jdk.internal.reflect.DelegatingConstructorAccessorImpl.newInstance(DelegatingConstructorAccessorImpl.java:45)
at java.base/java.lang.reflect.Constructor.newInstanceWithCaller(Constructor.java:499)
at java.base/java.lang.reflect.Constructor.newInstance(Constructor.java:480)
at org.openqa.selenium.remote.codec.w3c.W3CHttpResponseCodec.createException(W3CHttpResponseCodec.java:199)
at org.openqa.selenium.remote.codec.w3c.W3CHttpResponseCodec.decode(W3CHttpResponseCodec.java:132)
at org.openqa.selenium.remote.codec.w3c.W3CHttpResponseCodec.decode(W3CHttpResponseCodec.java:51)
at org.openqa.selenium.remote.HttpCommandExecutor.execute(HttpCommandExecutor.java:191)
at org.openqa.selenium.remote.service.DriverCommandExecutor.invokeExecute(DriverCommandExecutor.java:196)
at org.openqa.selenium.remote.service.DriverCommandExecutor.execute(DriverCommandExecutor.java:171)
at org.openqa.selenium.remote.RemoteWebDriver.execute(RemoteWebDriver.java:531)
at org.openqa.selenium.remote.ElementLocation$ElementFinder$2.findElement(ElementLocation.java:165)
at org.openqa.selenium.remote.ElementLocation.findElement(ElementLocation.java:59)
at org.openqa.selenium.remote.RemoteWebDriver.findElement(RemoteWebDriver.java:350)
at org.openqa.selenium.remote.RemoteWebDriver.findElement(RemoteWebDriver.java:344)
at org.openqa.selenium.support.pagefactory.DefaultElementLocator.findElement(DefaultElementLocator.java:68)
at org.openqa.selenium.support.pagefactory.internal.LocatingElementHandler.invoke(LocatingElementHandler.java:38)
at jdk.proxy2/jdk.proxy2.$Proxy34.isDisplayed(Unknown Source)
at org.openqa.selenium.support.ui.ExpectedConditions.elementIfVisible(ExpectedConditions.java:304)
at org.openqa.selenium.support.ui.ExpectedConditions.access$000(ExpectedConditions.java:37)
at org.openqa.selenium.support.ui.ExpectedConditions$10.apply(ExpectedConditions.java:290)
at org.openqa.selenium.support.ui.ExpectedConditions$10.apply(ExpectedConditions.java:287)
at org.openqa.selenium.support.ui.FluentWait.until(FluentWait.java:205)
... 32 more
]]>
            </full-stacktrace>
          </exception> <!-- org.openqa.selenium.TimeoutException -->
          <reporter-output>
          </reporter-output>
        </test-method> <!-- InfectionPreventionManagement -->
        <test-method is-config="true" signature="BeforeMethod()[pri:0, instance:testCases.TC_002_EnterData_MissingData@43df23d3]" started-at="2023-10-10T19:16:24 IST" name="BeforeMethod" finished-at="2023-10-10T19:16:24 IST" duration-ms="12" status="PASS">
          <reporter-output>
          </reporter-output>
        </test-method> <!-- BeforeMethod -->
        <test-method signature="Mortality()[pri:9, instance:testCases.TC_002_EnterData_MissingData@43df23d3]" started-at="2023-10-10T19:16:24 IST" name="Mortality" finished-at="2023-10-10T19:16:29 IST" duration-ms="4627" status="PASS">
          <reporter-output>
          </reporter-output>
        </test-method> <!-- Mortality -->
        <test-method is-config="true" signature="teardown()[pri:0, instance:testCases.TC_002_EnterData_MissingData@43df23d3]" started-at="2023-10-10T19:16:29 IST" name="teardown" finished-at="2023-10-10T19:16:29 IST" duration-ms="1" status="PASS">
          <reporter-output>
          </reporter-output>
        </test-method> <!-- teardown -->
      </class> <!-- testCases.TC_002_EnterData_MissingData -->
      <class name="testCases.TC_001_ApplicationLogin">
        <test-method is-config="true" signature="setup()[pri:0, instance:testCases.TC_001_ApplicationLogin@1033576a]" started-at="2023-10-10T19:13:31 IST" name="setup" finished-at="2023-10-10T19:13:37 IST" duration-ms="5715" status="PASS">
          <reporter-output>
          </reporter-output>
        </test-method> <!-- setup -->
        <test-method is-config="true" signature="BeforeClass()[pri:0, instance:testCases.TC_001_ApplicationLogin@1033576a]" started-at="2023-10-10T19:13:37 IST" name="BeforeClass" finished-at="2023-10-10T19:13:37 IST" duration-ms="4" status="PASS">
          <reporter-output>
          </reporter-output>
        </test-method> <!-- BeforeClass -->
        <test-method is-config="true" signature="BeforeMethod()[pri:0, instance:testCases.TC_001_ApplicationLogin@1033576a]" started-at="2023-10-10T19:13:37 IST" name="BeforeMethod" finished-at="2023-10-10T19:13:37 IST" duration-ms="15" status="PASS">
          <reporter-output>
          </reporter-output>
        </test-method> <!-- BeforeMethod -->
        <test-method signature="testLogin()[pri:1, instance:testCases.TC_001_ApplicationLogin@1033576a]" started-at="2023-10-10T19:13:37 IST" name="testLogin" finished-at="2023-10-10T19:13:57 IST" duration-ms="19990" status="PASS">
          <reporter-output>
          </reporter-output>
        </test-method> <!-- testLogin -->
        <test-method is-config="true" signature="teardown()[pri:0, instance:testCases.TC_001_ApplicationLogin@1033576a]" started-at="2023-10-10T19:13:57 IST" name="teardown" finished-at="2023-10-10T19:13:57 IST" duration-ms="1" status="PASS">
          <reporter-output>
          </reporter-output>
        </test-method> <!-- teardown -->
      </class> <!-- testCases.TC_001_ApplicationLogin -->
    </test> <!-- Test -->
  </suite> <!-- Suite -->
</testng-results>
